<?xml version="1.0" encoding="UTF-8"?>
<!-- Generated by org.testng.reporters.JUnitXMLReporter -->
<testsuite hostname="DESKTOP-7BIFSQS" name="Test" tests="1" failures="1" timestamp="12 Sep 2018 18:06:28 GMT" time="190.487" errors="0">
  <testcase name="launchpad" time="114.602" classname="com.test.mainlinetestvismc.testcases.StartApplicationAndLoginTest">
    <failure type="java.lang.AssertionError" message="Verify patient not added expected [true] but found [false]">
      <![CDATA[java.lang.AssertionError: Verify patient not added expected [true] but found [false]
	at com.test.mainlinetestvismc.pages.AddPatientPage.verifyPatient(AddPatientPage.java:248)
	at com.test.mainlinetestvismc.testcases.StartApplicationAndLoginTest.launchpad(StartApplicationAndLoginTest.java:83)
... Removed 27 stack frames]]>
    </failure>
  </testcase> <!-- launchpad -->
</testsuite> <!-- Test -->
