<?xml version="1.0" encoding="UTF-8"?>
<!-- Generated by org.testng.reporters.JUnitXMLReporter -->
<testsuite hostname="DESKTOP-7BIFSQS" name="Test" tests="1" failures="1" timestamp="14 Sep 2018 17:43:24 GMT" time="145.406" errors="0">
  <testcase name="launchpad" time="106.168" classname="com.test.mainlinetestvismc.testcases.StartApplicationAndLoginTest">
    <failure type="java.lang.AssertionError">
      <![CDATA[java.lang.AssertionError: 
	at com.test.mainlinetestvismc.testcases.StartApplicationAndLoginTest.launchpad(StartApplicationAndLoginTest.java:87)
... Removed 36 stack frames]]>
    </failure>
  </testcase> <!-- launchpad -->
</testsuite> <!-- Test -->
