<?xml version="1.0" encoding="UTF-8"?>
<!-- Generated by org.testng.reporters.JUnitXMLReporter -->
<testsuite hostname="DESKTOP-7BIFSQS" name="Test" tests="1" failures="1" timestamp="20 Sep 2018 21:53:58 GMT" time="184.883" errors="0">
  <testcase name="launchpad" time="148.691" classname="com.test.mainlinetestvismc.testcases.StartApplicationAndLoginTest">
    <failure type="java.lang.AssertionError">
      <![CDATA[java.lang.AssertionError: 
	at com.test.mainlinetestvismc.testcases.StartApplicationAndLoginTest.launchpad(StartApplicationAndLoginTest.java:100)
... Removed 36 stack frames]]>
    </failure>
  </testcase> <!-- launchpad -->
</testsuite> <!-- Test -->
