<?xml version="1.0" encoding="UTF-8"?>
<testng-results skipped="0" failed="0" total="1" passed="1">
  <reporter-output>
  </reporter-output>
  <suite name="Suite" duration-ms="122868" started-at="2018-09-12T18:29:34Z" finished-at="2018-09-12T18:31:37Z">
    <groups>
    </groups>
    <test name="Test" duration-ms="122868" started-at="2018-09-12T18:29:34Z" finished-at="2018-09-12T18:31:37Z">
      <class name="com.test.mainlinetestvismc.testcases.StartApplicationAndLoginTest">
        <test-method status="PASS" signature="driversetUp()[pri:0, instance:com.test.mainlinetestvismc.testcases.StartApplicationAndLoginTest@6aaa5eb0]" name="driversetUp" is-config="true" duration-ms="17980" started-at="2018-09-12T11:29:34Z" finished-at="2018-09-12T11:29:52Z">
          <reporter-output>
          </reporter-output>
        </test-method> <!-- driversetUp -->
        <test-method status="PASS" signature="launchpad()[pri:0, instance:com.test.mainlinetestvismc.testcases.StartApplicationAndLoginTest@6aaa5eb0]" name="launchpad" duration-ms="102336" started-at="2018-09-12T11:29:52Z" finished-at="2018-09-12T11:31:34Z">
          <reporter-output>
          </reporter-output>
        </test-method> <!-- launchpad -->
        <test-method status="PASS" signature="closeScript()[pri:0, instance:com.test.mainlinetestvismc.testcases.StartApplicationAndLoginTest@6aaa5eb0]" name="closeScript" is-config="true" duration-ms="2537" started-at="2018-09-12T11:31:34Z" finished-at="2018-09-12T11:31:37Z">
          <reporter-output>
          </reporter-output>
        </test-method> <!-- closeScript -->
      </class> <!-- com.test.mainlinetestvismc.testcases.StartApplicationAndLoginTest -->
    </test> <!-- Test -->
  </suite> <!-- Suite -->
</testng-results>
