<?xml version="1.0" encoding="UTF-8"?>
<testsuite name="TestSuite" time="148.705" tests="1" errors="0" skipped="0" failures="1">
  <properties>
[...]
</properties>
  <testcase name="launchpad" classname="com.test.mainlinetestvismc.testcases.StartApplicationAndLoginTest" time="148.705">
    <failure type="java.lang.AssertionError:">java.lang.AssertionError: 
	at org.testng.AssertJUnit.fail(AssertJUnit.java:59)
	at org.testng.AssertJUnit.assertTrue(AssertJUnit.java:24)
	at org.testng.AssertJUnit.assertTrue(AssertJUnit.java:33)
	at com.test.mainlinetestvismc.testcases.StartApplicationAndLoginTest.launchpad(StartApplicationAndLoginTest.java:100)
</failure>
    <system-out>201030.0
201030.0
47600.0
9.999888879E9
9.999888869E9
9.999777759E9
</system-out>
    <system-err>1537480256161	geckodriver	INFO	geckodriver 0.21.0
1537480256189	geckodriver	INFO	Listening on 127.0.0.1:49105
log4j:WARN No appenders could be found for logger (org.apache.http.client.protocol.RequestAddCookies).
log4j:WARN Please initialize the log4j system properly.
log4j:WARN See http://logging.apache.org/log4j/1.2/faq.html#noconfig for more info.
1537480256977	mozrunner::runner	INFO	Running command: "C:\\Program Files\\Mozilla Firefox\\firefox.exe" "-marionette" "-foreground" "-no-remote" "-profile" "C:\\WINDOWS\\TEMP\\rust_mozprofile.3K0IVpuMpsCy"
1537480270558	Marionette	INFO	Listening on port 58156
1537480270605	Marionette	WARN	TLS certificate errors will be ignored for this session
1537480270661	Marionette	DEBUG	[6442450945] Frame script loaded
1537480270809	Marionette	DEBUG	[6442450945] Frame script registered
Sep 20, 2018 2:51:11 PM org.openqa.selenium.remote.ProtocolHandshake createSession
INFO: Detected dialect: W3C
1537480272224	Marionette	DEBUG	[6442450945] Received DOM event beforeunload for about:blank
1537480274478	Marionette	DEBUG	[6442450945] Received DOM event pagehide for about:blank
JavaScript warning: https://www.googletagmanager.com/gtag/js, line 74: unreachable code after return statement
JavaScript warning: https://www.googletagmanager.com/gtag/js, line 74: unreachable code after return statement
1537480278983	Marionette	DEBUG	[6442450945] Received DOM event pageshow for https://mainlinetest.vismc.com/gladstone/portal/bloom/login/pages/login_userName.html
1537480278993	Marionette	DEBUG	[6442450945] Received DOM event beforeunload for https://mainlinetest.vismc.com/gladstone/portal/bloom/login/pages/login_userName.html
1537480279013	Marionette	DEBUG	[6442450945] Received DOM event DOMContentLoaded for https://mainlinetest.vismc.com/gladstone/portal/bloom/login/pages/login_userName.html
1537480279196	Marionette	DEBUG	[6442450945] Received DOM event unload for https://mainlinetest.vismc.com/gladstone/portal/bloom/login/pages/login_userName.html
1537480282686	Marionette	DEBUG	[6442450945] Received DOM event DOMContentLoaded for https://mainlinetest.vismc.com/gladstone/portal/bloom/login/pages/login_userName.html
JavaScript warning: https://www.googletagmanager.com/gtag/js, line 74: unreachable code after return statement
JavaScript warning: https://www.googletagmanager.com/gtag/js, line 74: unreachable code after return statement
1537480283817	Marionette	DEBUG	[6442450945] Received DOM event pageshow for https://mainlinetest.vismc.com/gladstone/portal/bloom/login/pages/login_userName.html
1537480297561	Marionette	DEBUG	[6442450945] Canceled page load listener because no navigation has been detected
JavaScript error: https://mainlinetest.vismc.com/gladstone/portal/bloom/common/script/js/auth-helper.js, line 186: TypeError: data.responseJSON is undefined
JavaScript warning: https://www.googletagmanager.com/gtag/js, line 74: unreachable code after return statement
JavaScript warning: https://www.googletagmanager.com/gtag/js, line 74: unreachable code after return statement
1537480309278	Marionette	DEBUG	[6442450945] Received DOM event beforeunload for https://mainlinetest.vismc.com/gladstone/portal/bloom/login/pages/login_userName.html?errorMsg=error
1537480309639	Marionette	DEBUG	[6442450945] Received DOM event pagehide for https://mainlinetest.vismc.com/gladstone/portal/bloom/login/pages/login_userName.html?errorMsg=error
1537480309641	Marionette	DEBUG	[6442450945] Received DOM event unload for https://mainlinetest.vismc.com/gladstone/portal/bloom/login/pages/login_userName.html?errorMsg=error
1537480311945	Marionette	DEBUG	[6442450945] Received DOM event pageshow for https://mainlinetest.vismc.com/gladstone/portal/bloom/login/pages/login_userName.html
1537480311958	Marionette	DEBUG	[6442450945] Received DOM event beforeunload for https://mainlinetest.vismc.com/gladstone/portal/bloom/login/pages/login_userName.html
1537480311984	Marionette	DEBUG	[6442450945] Received DOM event DOMContentLoaded for https://mainlinetest.vismc.com/gladstone/portal/bloom/login/pages/login_userName.html
1537480311998	Marionette	DEBUG	[6442450945] Received DOM event unload for https://mainlinetest.vismc.com/gladstone/portal/bloom/login/pages/login_userName.html
1537480313750	Marionette	DEBUG	[6442450945] Received DOM event DOMContentLoaded for https://mainlinetest.vismc.com/gladstone/portal/bloom/login/pages/login_userName.html
JavaScript warning: https://www.googletagmanager.com/gtag/js, line 74: unreachable code after return statement
JavaScript warning: https://www.googletagmanager.com/gtag/js, line 74: unreachable code after return statement
1537480314462	Marionette	DEBUG	[6442450945] Received DOM event pageshow for https://mainlinetest.vismc.com/gladstone/portal/bloom/login/pages/login_userName.html
1537480330246	Marionette	DEBUG	[6442450945] Canceled page load listener because no navigation has been detected
JavaScript warning: https://www.googletagmanager.com/gtag/js, line 74: unreachable code after return statement
JavaScript warning: https://www.googletagmanager.com/gtag/js, line 74: unreachable code after return statement
JavaScript warning: https://www.googletagmanager.com/gtag/js, line 74: unreachable code after return statement
</system-err>
  </testcase>
</testsuite>