<?xml version="1.0" encoding="UTF-8"?>
<testng-results skipped="0" failed="0" total="1" passed="1">
  <reporter-output>
  </reporter-output>
  <suite name="Default suite" duration-ms="223214" started-at="2018-10-13T09:48:54Z" finished-at="2018-10-13T09:52:38Z">
    <groups>
    </groups>
    <test name="Default test" duration-ms="223214" started-at="2018-10-13T09:48:54Z" finished-at="2018-10-13T09:52:38Z">
      <class name="com.test.mainlinetestvismc.testcases.StartApplicationAndLoginTest">
        <test-method status="PASS" signature="driversetUp()[pri:0, instance:com.test.mainlinetestvismc.testcases.StartApplicationAndLoginTest@703580bf]" name="driversetUp" is-config="true" duration-ms="19026" started-at="2018-10-13T02:48:54Z" finished-at="2018-10-13T02:49:14Z">
          <reporter-output>
          </reporter-output>
        </test-method> <!-- driversetUp -->
        <test-method status="PASS" signature="launchpad()[pri:0, instance:com.test.mainlinetestvismc.testcases.StartApplicationAndLoginTest@703580bf]" name="launchpad" duration-ms="202285" started-at="2018-10-13T02:49:14Z" finished-at="2018-10-13T02:52:36Z">
          <reporter-output>
          </reporter-output>
        </test-method> <!-- launchpad -->
        <test-method status="PASS" signature="closeScript()[pri:0, instance:com.test.mainlinetestvismc.testcases.StartApplicationAndLoginTest@703580bf]" name="closeScript" is-config="true" duration-ms="1882" started-at="2018-10-13T02:52:36Z" finished-at="2018-10-13T02:52:38Z">
          <reporter-output>
          </reporter-output>
        </test-method> <!-- closeScript -->
      </class> <!-- com.test.mainlinetestvismc.testcases.StartApplicationAndLoginTest -->
    </test> <!-- Default test -->
  </suite> <!-- Default suite -->
</testng-results>
